Determining if the pthread_create exist failed with the following output:
Change Dir: /home/newsun/Vision-learning/ceres/curve_fitting/build/CMakeFiles/CMakeTmp

Run Build Command:"/usr/bin/make" "cmTC_84d18/fast"
/usr/bin/make -f CMakeFiles/cmTC_84d18.dir/build.make CMakeFiles/cmTC_84d18.dir/build
make[1]: Entering directory '/home/newsun/Vision-learning/ceres/curve_fitting/build/CMakeFiles/CMakeTmp'
Building C object CMakeFiles/cmTC_84d18.dir/CheckSymbolExists.c.o
/usr/bin/cc    -o CMakeFiles/cmTC_84d18.dir/CheckSymbolExists.c.o   -c /home/newsun/Vision-learning/ceres/curve_fitting/build/CMakeFiles/CMakeTmp/CheckSymbolExists.c
Linking C executable cmTC_84d18
/usr/bin/cmake -E cmake_link_script CMakeFiles/cmTC_84d18.dir/link.txt --verbose=1
/usr/bin/cc      -rdynamic CMakeFiles/cmTC_84d18.dir/CheckSymbolExists.c.o  -o cmTC_84d18 
CMakeFiles/cmTC_84d18.dir/CheckSymbolExists.c.o: In function `main':
CheckSymbolExists.c:(.text+0x1b): undefined reference to `pthread_create'
collect2: error: ld returned 1 exit status
CMakeFiles/cmTC_84d18.dir/build.make:97: recipe for target 'cmTC_84d18' failed
make[1]: *** [cmTC_84d18] Error 1
make[1]: Leaving directory '/home/newsun/Vision-learning/ceres/curve_fitting/build/CMakeFiles/CMakeTmp'
Makefile:126: recipe for target 'cmTC_84d18/fast' failed
make: *** [cmTC_84d18/fast] Error 2

File /home/newsun/Vision-learning/ceres/curve_fitting/build/CMakeFiles/CMakeTmp/CheckSymbolExists.c:
/* */
#include <pthread.h>

int main(int argc, char** argv)
{
  (void)argv;
#ifndef pthread_create
  return ((int*)(&pthread_create))[argc];
#else
  (void)argc;
  return 0;
#endif
}

Determining if the function pthread_create exists in the pthreads failed with the following output:
Change Dir: /home/newsun/Vision-learning/ceres/curve_fitting/build/CMakeFiles/CMakeTmp

Run Build Command:"/usr/bin/make" "cmTC_e8264/fast"
/usr/bin/make -f CMakeFiles/cmTC_e8264.dir/build.make CMakeFiles/cmTC_e8264.dir/build
make[1]: Entering directory '/home/newsun/Vision-learning/ceres/curve_fitting/build/CMakeFiles/CMakeTmp'
Building C object CMakeFiles/cmTC_e8264.dir/CheckFunctionExists.c.o
/usr/bin/cc   -DCHECK_FUNCTION_EXISTS=pthread_create   -o CMakeFiles/cmTC_e8264.dir/CheckFunctionExists.c.o   -c /usr/share/cmake-3.10/Modules/CheckFunctionExists.c
Linking C executable cmTC_e8264
/usr/bin/cmake -E cmake_link_script CMakeFiles/cmTC_e8264.dir/link.txt --verbose=1
/usr/bin/cc  -DCHECK_FUNCTION_EXISTS=pthread_create    -rdynamic CMakeFiles/cmTC_e8264.dir/CheckFunctionExists.c.o  -o cmTC_e8264 -lpthreads 
/usr/bin/ld: cannot find -lpthreads
collect2: error: ld returned 1 exit status
CMakeFiles/cmTC_e8264.dir/build.make:97: recipe for target 'cmTC_e8264' failed
make[1]: *** [cmTC_e8264] Error 1
make[1]: Leaving directory '/home/newsun/Vision-learning/ceres/curve_fitting/build/CMakeFiles/CMakeTmp'
Makefile:126: recipe for target 'cmTC_e8264/fast' failed
make: *** [cmTC_e8264/fast] Error 2


