Determining if the pthread_create exist failed with the following output:
Change Dir: /home/newsun/Vision-learning/ceres/helloworld_derivative/build/CMakeFiles/CMakeTmp

Run Build Command:"/usr/bin/make" "cmTC_2c9cf/fast"
/usr/bin/make -f CMakeFiles/cmTC_2c9cf.dir/build.make CMakeFiles/cmTC_2c9cf.dir/build
make[1]: Entering directory '/home/newsun/Vision-learning/ceres/helloworld_derivative/build/CMakeFiles/CMakeTmp'
Building C object CMakeFiles/cmTC_2c9cf.dir/CheckSymbolExists.c.o
/usr/bin/cc    -o CMakeFiles/cmTC_2c9cf.dir/CheckSymbolExists.c.o   -c /home/newsun/Vision-learning/ceres/helloworld_derivative/build/CMakeFiles/CMakeTmp/CheckSymbolExists.c
Linking C executable cmTC_2c9cf
/usr/bin/cmake -E cmake_link_script CMakeFiles/cmTC_2c9cf.dir/link.txt --verbose=1
/usr/bin/cc      -rdynamic CMakeFiles/cmTC_2c9cf.dir/CheckSymbolExists.c.o  -o cmTC_2c9cf 
CMakeFiles/cmTC_2c9cf.dir/CheckSymbolExists.c.o: In function `main':
CheckSymbolExists.c:(.text+0x1b): undefined reference to `pthread_create'
collect2: error: ld returned 1 exit status
CMakeFiles/cmTC_2c9cf.dir/build.make:97: recipe for target 'cmTC_2c9cf' failed
make[1]: *** [cmTC_2c9cf] Error 1
make[1]: Leaving directory '/home/newsun/Vision-learning/ceres/helloworld_derivative/build/CMakeFiles/CMakeTmp'
Makefile:126: recipe for target 'cmTC_2c9cf/fast' failed
make: *** [cmTC_2c9cf/fast] Error 2

File /home/newsun/Vision-learning/ceres/helloworld_derivative/build/CMakeFiles/CMakeTmp/CheckSymbolExists.c:
/* */
#include <pthread.h>

int main(int argc, char** argv)
{
  (void)argv;
#ifndef pthread_create
  return ((int*)(&pthread_create))[argc];
#else
  (void)argc;
  return 0;
#endif
}

Determining if the function pthread_create exists in the pthreads failed with the following output:
Change Dir: /home/newsun/Vision-learning/ceres/helloworld_derivative/build/CMakeFiles/CMakeTmp

Run Build Command:"/usr/bin/make" "cmTC_40a6a/fast"
/usr/bin/make -f CMakeFiles/cmTC_40a6a.dir/build.make CMakeFiles/cmTC_40a6a.dir/build
make[1]: Entering directory '/home/newsun/Vision-learning/ceres/helloworld_derivative/build/CMakeFiles/CMakeTmp'
Building C object CMakeFiles/cmTC_40a6a.dir/CheckFunctionExists.c.o
/usr/bin/cc   -DCHECK_FUNCTION_EXISTS=pthread_create   -o CMakeFiles/cmTC_40a6a.dir/CheckFunctionExists.c.o   -c /usr/share/cmake-3.10/Modules/CheckFunctionExists.c
Linking C executable cmTC_40a6a
/usr/bin/cmake -E cmake_link_script CMakeFiles/cmTC_40a6a.dir/link.txt --verbose=1
/usr/bin/cc  -DCHECK_FUNCTION_EXISTS=pthread_create    -rdynamic CMakeFiles/cmTC_40a6a.dir/CheckFunctionExists.c.o  -o cmTC_40a6a -lpthreads 
/usr/bin/ld: cannot find -lpthreads
collect2: error: ld returned 1 exit status
CMakeFiles/cmTC_40a6a.dir/build.make:97: recipe for target 'cmTC_40a6a' failed
make[1]: *** [cmTC_40a6a] Error 1
make[1]: Leaving directory '/home/newsun/Vision-learning/ceres/helloworld_derivative/build/CMakeFiles/CMakeTmp'
Makefile:126: recipe for target 'cmTC_40a6a/fast' failed
make: *** [cmTC_40a6a/fast] Error 2


